build/app/outputs/mapping/release/usage.txt
com.example.sadeed_nasa_mars_rover_photos.R$style
com.example.sadeed_nasa_mars_rover_photos.R$dimen
com.example.sadeed_nasa_mars_rover_photos.R$mipmap
com.example.sadeed_nasa_mars_rover_photos.R$color
com.example.sadeed_nasa_mars_rover_photos.R$styleable
com.example.sadeed_nasa_mars_rover_photos.R$attr
com.example.sadeed_nasa_mars_rover_photos.R$id
com.example.sadeed_nasa_mars_rover_photos.BuildConfig
com.example.sadeed_nasa_mars_rover_photos.R
com.example.sadeed_nasa_mars_rover_photos.R$integer
com.example.sadeed_nasa_mars_rover_photos.R$layout
com.example.sadeed_nasa_mars_rover_photos.R$string
com.example.sadeed_nasa_mars_rover_photos.R$drawable
...
kotlin.jvm.JvmPackageName
kotlin.coroutines.jvm.internal.RunSuspendKt
io.flutter.embedding.engine.plugins.activity.ActivityControlSurface:
    public abstract void attachToActivity(android.app.Activity,androidx.lifecycle.Lifecycle)
org.jetbrains.annotations.PropertyKey
androidx.fragment.app.FragmentActivity
androidx.annotation.FractionRes
org.intellij.lang.annotations.JdkConstants$ListSelectionMode
io.flutter.embedding.engine.systemchannels.MouseCursorChannel:
    public void synthesizeMethodCall(io.flutter.plugin.common.MethodCall,io.flutter.plugin.common.MethodChannel$Result)
    private static final java.lang.String TAG
io.flutter.embedding.engine.dart.DartExecutor$DartEntrypoint:
    public static io.flutter.embedding.engine.dart.DartExecutor$DartEntrypoint createDefault()
    public void <init>(java.lang.String,java.lang.String,java.lang.String)
androidx.core.provider.FontsContractCompat$4$4
androidx.fragment.app.ListFragment$1
kotlin.ArrayIntrinsicsKt
kotlin.comparisons.ComparisonsKt__ComparisonsKt$nullsLast$1
kotlin.text.StringsKt___StringsKt$windowed$1
androidx.core.app.NotificationManagerCompat$SideChannelManager
kotlin.jvm.functions.Function22
kotlin.coroutines.experimental.intrinsics.IntrinsicsKt__IntrinsicsJvmKt$createCoroutineUnchecked$$inlined$buildContinuationByInvokeCall$IntrinsicsKt__IntrinsicsJvmKt$1
androidx.annotation.FloatRange
kotlin.jvm.internal.FunctionBase
androidx.core.app.DialogCompat
androidx.core.view.MenuItemCompat$1
androidx.core.view.ViewPropertyAnimatorCompat
androidx.core.content.res.ComplexColorCompat
kotlin.sequences.TakeWhileSequence$iterator$1
kotlin.jvm.internal.CollectionToArray
kotlin.internal.PureReifiable
androidx.fragment.app.FragmentTabHost
kotlin.reflect.KProperty0$Getter
io.flutter.view.FlutterView$2
kotlin.text.StringsKt__StringsJVMKt
io.flutter.embedding.engine.plugins.broadcastreceiver.BroadcastReceiverControlSurface
kotlin.jvm.internal.Ref$FloatRef
io.flutter.plugins.urllauncher.R$id
io.flutter.embedding.engine.renderer.FlutterRenderer:
    public android.graphics.Bitmap getBitmap()
    public void setAccessibilityFeatures(int)
    public void dispatchSemanticsAction(int,int,java.nio.ByteBuffer,int)
    private static final java.lang.String TAG
androidx.core.view.ViewCompat$4
androidx.arch.core.internal.FastSafeIterableMap:
    public java.lang.Object putIfAbsent(java.lang.Object,java.lang.Object)
    public java.util.Map$Entry ceil(java.lang.Object)
androidx.fragment.app.FragmentManagerImpl$2
kotlin.text.MatchResult
androidx.viewpager.widget.ViewPager$ViewPositionComparator
kotlin.jvm.internal.ShortCompanionObject
kotlin.ranges.ULongRange$Companion
androidx.core.content.pm.PackageInfoCompat
kotlin.sequences.GeneratorSequence
kotlin.sequences.SequencesKt__SequenceBuilderKt$sequence$$inlined$Sequence$1
androidx.fragment.app.FragmentManagerViewModel
androidx.customview.widget.ExploreByTouchHelper
androidx.annotation.CheckResult
io.flutter.embedding.engine.systemchannels.PlatformViewsChannel:
    private static final java.lang.String TAG
io.flutter.embedding.engine.systemchannels.PlatformChannel:
    private static final java.lang.String TAG
kotlin.Suppress
kotlin.collections.GroupingKt
androidx.core.graphics.drawable.WrappedDrawableApi21
androidx.lifecycle.LiveData$AlwaysActiveObserver
kotlin.internal.RequireKotlin
androidx.core.app.ActivityManagerCompat
androidx.core.app.NotificationCompat$Action
androidx.core.graphics.TypefaceCompatBaseImpl$1
io.flutter.embedding.android.FlutterEngineConfigurator
kotlin.coroutines.experimental.CoroutineContext$Element
io.flutter.plugin.common.MethodCall:
    public boolean hasArgument(java.lang.String)
kotlin.internal.PlatformImplementations$ReflectAddSuppressedMethod
androidx.core.text.TextDirectionHeuristicsCompat$TextDirectionHeuristicLocale
kotlin.coroutines.ContinuationKt
kotlin.collections.GroupingKt__GroupingJVMKt
androidx.fragment.app.FragmentManagerState$1